[2014-05-30 10:42:31] production.ERROR: exception 'Symfony\Component\HttpKernel\Exception\NotFoundHttpException' in /Applications/MAMP/htdocs/sauleoclean/laravel/bootstrap/compiled.php:5310
Stack trace:
#0 /Applications/MAMP/htdocs/sauleoclean/laravel/bootstrap/compiled.php(4677): Illuminate\Routing\RouteCollection->match(Object(Illuminate\Http\Request))
#1 /Applications/MAMP/htdocs/sauleoclean/laravel/bootstrap/compiled.php(4665): Illuminate\Routing\Router->findRoute(Object(Illuminate\Http\Request))
#2 /Applications/MAMP/htdocs/sauleoclean/laravel/bootstrap/compiled.php(4657): Illuminate\Routing\Router->dispatchToRoute(Object(Illuminate\Http\Request))
#3 /Applications/MAMP/htdocs/sauleoclean/laravel/bootstrap/compiled.php(706): Illuminate\Routing\Router->dispatch(Object(Illuminate\Http\Request))
#4 /Applications/MAMP/htdocs/sauleoclean/laravel/bootstrap/compiled.php(687): Illuminate\Foundation\Application->dispatch(Object(Illuminate\Http\Request))
#5 /Applications/MAMP/htdocs/sauleoclean/laravel/bootstrap/compiled.php(1144): Illuminate\Foundation\Application->handle(Object(Illuminate\Http\Request), 1, true)
#6 /Applications/MAMP/htdocs/sauleoclean/laravel/bootstrap/compiled.php(7264): Illuminate\Http\FrameGuard->handle(Object(Illuminate\Http\Request), 1, true)
#7 /Applications/MAMP/htdocs/sauleoclean/laravel/bootstrap/compiled.php(7861): Illuminate\Session\Middleware->handle(Object(Illuminate\Http\Request), 1, true)
#8 /Applications/MAMP/htdocs/sauleoclean/laravel/bootstrap/compiled.php(7808): Illuminate\Cookie\Queue->handle(Object(Illuminate\Http\Request), 1, true)
#9 /Applications/MAMP/htdocs/sauleoclean/laravel/bootstrap/compiled.php(10820): Illuminate\Cookie\Guard->handle(Object(Illuminate\Http\Request), 1, true)
#10 /Applications/MAMP/htdocs/sauleoclean/laravel/bootstrap/compiled.php(648): Stack\StackedHttpKernel->handle(Object(Illuminate\Http\Request))
#11 /Applications/MAMP/htdocs/sauleoclean/laravel/public/index.php(49): Illuminate\Foundation\Application->run()
#12 {main} [] []
[2014-05-30 10:42:31] production.ERROR: exception 'Symfony\Component\HttpKernel\Exception\NotFoundHttpException' in /Applications/MAMP/htdocs/sauleoclean/laravel/bootstrap/compiled.php:5310
Stack trace:
#0 /Applications/MAMP/htdocs/sauleoclean/laravel/bootstrap/compiled.php(4677): Illuminate\Routing\RouteCollection->match(Object(Illuminate\Http\Request))
#1 /Applications/MAMP/htdocs/sauleoclean/laravel/bootstrap/compiled.php(4665): Illuminate\Routing\Router->findRoute(Object(Illuminate\Http\Request))
#2 /Applications/MAMP/htdocs/sauleoclean/laravel/bootstrap/compiled.php(4657): Illuminate\Routing\Router->dispatchToRoute(Object(Illuminate\Http\Request))
#3 /Applications/MAMP/htdocs/sauleoclean/laravel/bootstrap/compiled.php(706): Illuminate\Routing\Router->dispatch(Object(Illuminate\Http\Request))
#4 /Applications/MAMP/htdocs/sauleoclean/laravel/bootstrap/compiled.php(687): Illuminate\Foundation\Application->dispatch(Object(Illuminate\Http\Request))
#5 /Applications/MAMP/htdocs/sauleoclean/laravel/bootstrap/compiled.php(1144): Illuminate\Foundation\Application->handle(Object(Illuminate\Http\Request), 1, true)
#6 /Applications/MAMP/htdocs/sauleoclean/laravel/bootstrap/compiled.php(7264): Illuminate\Http\FrameGuard->handle(Object(Illuminate\Http\Request), 1, true)
#7 /Applications/MAMP/htdocs/sauleoclean/laravel/bootstrap/compiled.php(7861): Illuminate\Session\Middleware->handle(Object(Illuminate\Http\Request), 1, true)
#8 /Applications/MAMP/htdocs/sauleoclean/laravel/bootstrap/compiled.php(7808): Illuminate\Cookie\Queue->handle(Object(Illuminate\Http\Request), 1, true)
#9 /Applications/MAMP/htdocs/sauleoclean/laravel/bootstrap/compiled.php(10820): Illuminate\Cookie\Guard->handle(Object(Illuminate\Http\Request), 1, true)
#10 /Applications/MAMP/htdocs/sauleoclean/laravel/bootstrap/compiled.php(648): Stack\StackedHttpKernel->handle(Object(Illuminate\Http\Request))
#11 /Applications/MAMP/htdocs/sauleoclean/laravel/public/index.php(49): Illuminate\Foundation\Application->run()
#12 {main} [] []
[2014-05-30 10:43:01] production.ERROR: exception 'Symfony\Component\HttpKernel\Exception\NotFoundHttpException' in /Applications/MAMP/htdocs/sauleoclean/laravel/bootstrap/compiled.php:5310
Stack trace:
#0 /Applications/MAMP/htdocs/sauleoclean/laravel/bootstrap/compiled.php(4677): Illuminate\Routing\RouteCollection->match(Object(Illuminate\Http\Request))
#1 /Applications/MAMP/htdocs/sauleoclean/laravel/bootstrap/compiled.php(4665): Illuminate\Routing\Router->findRoute(Object(Illuminate\Http\Request))
#2 /Applications/MAMP/htdocs/sauleoclean/laravel/bootstrap/compiled.php(4657): Illuminate\Routing\Router->dispatchToRoute(Object(Illuminate\Http\Request))
#3 /Applications/MAMP/htdocs/sauleoclean/laravel/bootstrap/compiled.php(706): Illuminate\Routing\Router->dispatch(Object(Illuminate\Http\Request))
#4 /Applications/MAMP/htdocs/sauleoclean/laravel/bootstrap/compiled.php(687): Illuminate\Foundation\Application->dispatch(Object(Illuminate\Http\Request))
#5 /Applications/MAMP/htdocs/sauleoclean/laravel/bootstrap/compiled.php(1144): Illuminate\Foundation\Application->handle(Object(Illuminate\Http\Request), 1, true)
#6 /Applications/MAMP/htdocs/sauleoclean/laravel/bootstrap/compiled.php(7264): Illuminate\Http\FrameGuard->handle(Object(Illuminate\Http\Request), 1, true)
#7 /Applications/MAMP/htdocs/sauleoclean/laravel/bootstrap/compiled.php(7861): Illuminate\Session\Middleware->handle(Object(Illuminate\Http\Request), 1, true)
#8 /Applications/MAMP/htdocs/sauleoclean/laravel/bootstrap/compiled.php(7808): Illuminate\Cookie\Queue->handle(Object(Illuminate\Http\Request), 1, true)
#9 /Applications/MAMP/htdocs/sauleoclean/laravel/bootstrap/compiled.php(10820): Illuminate\Cookie\Guard->handle(Object(Illuminate\Http\Request), 1, true)
#10 /Applications/MAMP/htdocs/sauleoclean/laravel/bootstrap/compiled.php(648): Stack\StackedHttpKernel->handle(Object(Illuminate\Http\Request))
#11 /Applications/MAMP/htdocs/sauleoclean/laravel/public/index.php(49): Illuminate\Foundation\Application->run()
#12 {main} [] []
[2014-05-30 10:43:01] production.ERROR: exception 'Symfony\Component\HttpKernel\Exception\NotFoundHttpException' in /Applications/MAMP/htdocs/sauleoclean/laravel/bootstrap/compiled.php:5310
Stack trace:
#0 /Applications/MAMP/htdocs/sauleoclean/laravel/bootstrap/compiled.php(4677): Illuminate\Routing\RouteCollection->match(Object(Illuminate\Http\Request))
#1 /Applications/MAMP/htdocs/sauleoclean/laravel/bootstrap/compiled.php(4665): Illuminate\Routing\Router->findRoute(Object(Illuminate\Http\Request))
#2 /Applications/MAMP/htdocs/sauleoclean/laravel/bootstrap/compiled.php(4657): Illuminate\Routing\Router->dispatchToRoute(Object(Illuminate\Http\Request))
#3 /Applications/MAMP/htdocs/sauleoclean/laravel/bootstrap/compiled.php(706): Illuminate\Routing\Router->dispatch(Object(Illuminate\Http\Request))
#4 /Applications/MAMP/htdocs/sauleoclean/laravel/bootstrap/compiled.php(687): Illuminate\Foundation\Application->dispatch(Object(Illuminate\Http\Request))
#5 /Applications/MAMP/htdocs/sauleoclean/laravel/bootstrap/compiled.php(1144): Illuminate\Foundation\Application->handle(Object(Illuminate\Http\Request), 1, true)
#6 /Applications/MAMP/htdocs/sauleoclean/laravel/bootstrap/compiled.php(7264): Illuminate\Http\FrameGuard->handle(Object(Illuminate\Http\Request), 1, true)
#7 /Applications/MAMP/htdocs/sauleoclean/laravel/bootstrap/compiled.php(7861): Illuminate\Session\Middleware->handle(Object(Illuminate\Http\Request), 1, true)
#8 /Applications/MAMP/htdocs/sauleoclean/laravel/bootstrap/compiled.php(7808): Illuminate\Cookie\Queue->handle(Object(Illuminate\Http\Request), 1, true)
#9 /Applications/MAMP/htdocs/sauleoclean/laravel/bootstrap/compiled.php(10820): Illuminate\Cookie\Guard->handle(Object(Illuminate\Http\Request), 1, true)
#10 /Applications/MAMP/htdocs/sauleoclean/laravel/bootstrap/compiled.php(648): Stack\StackedHttpKernel->handle(Object(Illuminate\Http\Request))
#11 /Applications/MAMP/htdocs/sauleoclean/laravel/public/index.php(49): Illuminate\Foundation\Application->run()
#12 {main} [] []
[2014-05-30 12:23:24] production.ERROR: exception 'InvalidArgumentException' with message 'View [Contact] not found.' in /Applications/MAMP/htdocs/sauleoclean/laravel/bootstrap/compiled.php:8873
Stack trace:
#0 /Applications/MAMP/htdocs/sauleoclean/laravel/bootstrap/compiled.php(8846): Illuminate\View\FileViewFinder->findInPaths('Contact', Array)
#1 /Applications/MAMP/htdocs/sauleoclean/laravel/bootstrap/compiled.php(8954): Illuminate\View\FileViewFinder->find('Contact')
#2 /Applications/MAMP/htdocs/sauleoclean/laravel/bootstrap/compiled.php(3163): Illuminate\View\Environment->make('Contact')
#3 /Applications/MAMP/htdocs/sauleoclean/laravel/app/routes.php(28): Illuminate\Support\Facades\Facade::__callStatic('make', Array)
#4 /Applications/MAMP/htdocs/sauleoclean/laravel/app/routes.php(28): Illuminate\Support\Facades\View::make('Contact')
#5 [internal function]: {closure}()
#6 /Applications/MAMP/htdocs/sauleoclean/laravel/bootstrap/compiled.php(4954): call_user_func_array(Object(Closure), Array)
#7 /Applications/MAMP/htdocs/sauleoclean/laravel/bootstrap/compiled.php(4669): Illuminate\Routing\Route->run(Object(Illuminate\Http\Request))
#8 /Applications/MAMP/htdocs/sauleoclean/laravel/bootstrap/compiled.php(4657): Illuminate\Routing\Router->dispatchToRoute(Object(Illuminate\Http\Request))
#9 /Applications/MAMP/htdocs/sauleoclean/laravel/bootstrap/compiled.php(706): Illuminate\Routing\Router->dispatch(Object(Illuminate\Http\Request))
#10 /Applications/MAMP/htdocs/sauleoclean/laravel/bootstrap/compiled.php(687): Illuminate\Foundation\Application->dispatch(Object(Illuminate\Http\Request))
#11 /Applications/MAMP/htdocs/sauleoclean/laravel/bootstrap/compiled.php(1144): Illuminate\Foundation\Application->handle(Object(Illuminate\Http\Request), 1, true)
#12 /Applications/MAMP/htdocs/sauleoclean/laravel/bootstrap/compiled.php(7264): Illuminate\Http\FrameGuard->handle(Object(Illuminate\Http\Request), 1, true)
#13 /Applications/MAMP/htdocs/sauleoclean/laravel/bootstrap/compiled.php(7861): Illuminate\Session\Middleware->handle(Object(Illuminate\Http\Request), 1, true)
#14 /Applications/MAMP/htdocs/sauleoclean/laravel/bootstrap/compiled.php(7808): Illuminate\Cookie\Queue->handle(Object(Illuminate\Http\Request), 1, true)
#15 /Applications/MAMP/htdocs/sauleoclean/laravel/bootstrap/compiled.php(10820): Illuminate\Cookie\Guard->handle(Object(Illuminate\Http\Request), 1, true)
#16 /Applications/MAMP/htdocs/sauleoclean/laravel/bootstrap/compiled.php(648): Stack\StackedHttpKernel->handle(Object(Illuminate\Http\Request))
#17 /Applications/MAMP/htdocs/sauleoclean/laravel/public/index.php(49): Illuminate\Foundation\Application->run()
#18 {main} [] []
[2014-05-30 12:24:29] production.ERROR: exception 'Symfony\Component\Debug\Exception\FatalErrorException' with message 'main(): Failed opening required 'Acceuil.php' (include_path='/Applications/MAMP/htdocs/sauleoclean/laravel/vendor/phpseclib/phpseclib/phpseclib:.:/Applications/MAMP/bin/php/php5.5.10/lib/php')' in /Applications/MAMP/htdocs/sauleoclean/laravel/app/views/Activite.php:1
Stack trace:
#0 [internal function]: Illuminate\Exception\Handler->handleShutdown()
#1 {main} [] []
[2014-05-30 12:24:31] production.ERROR: exception 'Symfony\Component\Debug\Exception\FatalErrorException' with message 'main(): Failed opening required 'Acceuil.php' (include_path='/Applications/MAMP/htdocs/sauleoclean/laravel/vendor/phpseclib/phpseclib/phpseclib:.:/Applications/MAMP/bin/php/php5.5.10/lib/php')' in /Applications/MAMP/htdocs/sauleoclean/laravel/app/views/Activite.php:1
Stack trace:
#0 [internal function]: Illuminate\Exception\Handler->handleShutdown()
#1 {main} [] []
[2014-05-30 12:24:39] production.ERROR: exception 'Symfony\Component\Debug\Exception\FatalErrorException' with message 'main(): Failed opening required 'Acceuil.php' (include_path='/Applications/MAMP/htdocs/sauleoclean/laravel/vendor/phpseclib/phpseclib/phpseclib:.:/Applications/MAMP/bin/php/php5.5.10/lib/php')' in /Applications/MAMP/htdocs/sauleoclean/laravel/app/views/activite.php:1
Stack trace:
#0 [internal function]: Illuminate\Exception\Handler->handleShutdown()
#1 {main} [] []
[2014-05-30 12:24:43] production.ERROR: exception 'Symfony\Component\Debug\Exception\FatalErrorException' with message 'main(): Failed opening required 'Acceuil.php' (include_path='/Applications/MAMP/htdocs/sauleoclean/laravel/vendor/phpseclib/phpseclib/phpseclib:.:/Applications/MAMP/bin/php/php5.5.10/lib/php')' in /Applications/MAMP/htdocs/sauleoclean/laravel/app/views/activite.php:1
Stack trace:
#0 [internal function]: Illuminate\Exception\Handler->handleShutdown()
#1 {main} [] []
[2014-05-30 12:27:12] production.ERROR: exception 'InvalidArgumentException' with message 'View [activite] not found.' in /Applications/MAMP/htdocs/sauleoclean/laravel/bootstrap/compiled.php:8873
Stack trace:
#0 /Applications/MAMP/htdocs/sauleoclean/laravel/bootstrap/compiled.php(8846): Illuminate\View\FileViewFinder->findInPaths('activite', Array)
#1 /Applications/MAMP/htdocs/sauleoclean/laravel/bootstrap/compiled.php(8954): Illuminate\View\FileViewFinder->find('activite')
#2 /Applications/MAMP/htdocs/sauleoclean/laravel/bootstrap/compiled.php(3163): Illuminate\View\Environment->make('activite')
#3 /Applications/MAMP/htdocs/sauleoclean/laravel/app/routes.php(20): Illuminate\Support\Facades\Facade::__callStatic('make', Array)
#4 /Applications/MAMP/htdocs/sauleoclean/laravel/app/routes.php(20): Illuminate\Support\Facades\View::make('activite')
#5 [internal function]: {closure}()
#6 /Applications/MAMP/htdocs/sauleoclean/laravel/bootstrap/compiled.php(4954): call_user_func_array(Object(Closure), Array)
#7 /Applications/MAMP/htdocs/sauleoclean/laravel/bootstrap/compiled.php(4669): Illuminate\Routing\Route->run(Object(Illuminate\Http\Request))
#8 /Applications/MAMP/htdocs/sauleoclean/laravel/bootstrap/compiled.php(4657): Illuminate\Routing\Router->dispatchToRoute(Object(Illuminate\Http\Request))
#9 /Applications/MAMP/htdocs/sauleoclean/laravel/bootstrap/compiled.php(706): Illuminate\Routing\Router->dispatch(Object(Illuminate\Http\Request))
#10 /Applications/MAMP/htdocs/sauleoclean/laravel/bootstrap/compiled.php(687): Illuminate\Foundation\Application->dispatch(Object(Illuminate\Http\Request))
#11 /Applications/MAMP/htdocs/sauleoclean/laravel/bootstrap/compiled.php(1144): Illuminate\Foundation\Application->handle(Object(Illuminate\Http\Request), 1, true)
#12 /Applications/MAMP/htdocs/sauleoclean/laravel/bootstrap/compiled.php(7264): Illuminate\Http\FrameGuard->handle(Object(Illuminate\Http\Request), 1, true)
#13 /Applications/MAMP/htdocs/sauleoclean/laravel/bootstrap/compiled.php(7861): Illuminate\Session\Middleware->handle(Object(Illuminate\Http\Request), 1, true)
#14 /Applications/MAMP/htdocs/sauleoclean/laravel/bootstrap/compiled.php(7808): Illuminate\Cookie\Queue->handle(Object(Illuminate\Http\Request), 1, true)
#15 /Applications/MAMP/htdocs/sauleoclean/laravel/bootstrap/compiled.php(10820): Illuminate\Cookie\Guard->handle(Object(Illuminate\Http\Request), 1, true)
#16 /Applications/MAMP/htdocs/sauleoclean/laravel/bootstrap/compiled.php(648): Stack\StackedHttpKernel->handle(Object(Illuminate\Http\Request))
#17 /Applications/MAMP/htdocs/sauleoclean/laravel/public/index.php(49): Illuminate\Foundation\Application->run()
#18 {main} [] []
[2014-05-30 12:28:48] production.ERROR: exception 'Symfony\Component\HttpKernel\Exception\NotFoundHttpException' in /Applications/MAMP/htdocs/sauleoclean/laravel/bootstrap/compiled.php:5310
Stack trace:
#0 /Applications/MAMP/htdocs/sauleoclean/laravel/bootstrap/compiled.php(4677): Illuminate\Routing\RouteCollection->match(Object(Illuminate\Http\Request))
#1 /Applications/MAMP/htdocs/sauleoclean/laravel/bootstrap/compiled.php(4665): Illuminate\Routing\Router->findRoute(Object(Illuminate\Http\Request))
#2 /Applications/MAMP/htdocs/sauleoclean/laravel/bootstrap/compiled.php(4657): Illuminate\Routing\Router->dispatchToRoute(Object(Illuminate\Http\Request))
#3 /Applications/MAMP/htdocs/sauleoclean/laravel/bootstrap/compiled.php(706): Illuminate\Routing\Router->dispatch(Object(Illuminate\Http\Request))
#4 /Applications/MAMP/htdocs/sauleoclean/laravel/bootstrap/compiled.php(687): Illuminate\Foundation\Application->dispatch(Object(Illuminate\Http\Request))
#5 /Applications/MAMP/htdocs/sauleoclean/laravel/bootstrap/compiled.php(1144): Illuminate\Foundation\Application->handle(Object(Illuminate\Http\Request), 1, true)
#6 /Applications/MAMP/htdocs/sauleoclean/laravel/bootstrap/compiled.php(7264): Illuminate\Http\FrameGuard->handle(Object(Illuminate\Http\Request), 1, true)
#7 /Applications/MAMP/htdocs/sauleoclean/laravel/bootstrap/compiled.php(7861): Illuminate\Session\Middleware->handle(Object(Illuminate\Http\Request), 1, true)
#8 /Applications/MAMP/htdocs/sauleoclean/laravel/bootstrap/compiled.php(7808): Illuminate\Cookie\Queue->handle(Object(Illuminate\Http\Request), 1, true)
#9 /Applications/MAMP/htdocs/sauleoclean/laravel/bootstrap/compiled.php(10820): Illuminate\Cookie\Guard->handle(Object(Illuminate\Http\Request), 1, true)
#10 /Applications/MAMP/htdocs/sauleoclean/laravel/bootstrap/compiled.php(648): Stack\StackedHttpKernel->handle(Object(Illuminate\Http\Request))
#11 /Applications/MAMP/htdocs/sauleoclean/laravel/public/index.php(49): Illuminate\Foundation\Application->run()
#12 {main} [] []
[2014-05-30 12:28:49] production.ERROR: exception 'Symfony\Component\HttpKernel\Exception\NotFoundHttpException' in /Applications/MAMP/htdocs/sauleoclean/laravel/bootstrap/compiled.php:5310
Stack trace:
#0 /Applications/MAMP/htdocs/sauleoclean/laravel/bootstrap/compiled.php(4677): Illuminate\Routing\RouteCollection->match(Object(Illuminate\Http\Request))
#1 /Applications/MAMP/htdocs/sauleoclean/laravel/bootstrap/compiled.php(4665): Illuminate\Routing\Router->findRoute(Object(Illuminate\Http\Request))
#2 /Applications/MAMP/htdocs/sauleoclean/laravel/bootstrap/compiled.php(4657): Illuminate\Routing\Router->dispatchToRoute(Object(Illuminate\Http\Request))
#3 /Applications/MAMP/htdocs/sauleoclean/laravel/bootstrap/compiled.php(706): Illuminate\Routing\Router->dispatch(Object(Illuminate\Http\Request))
#4 /Applications/MAMP/htdocs/sauleoclean/laravel/bootstrap/compiled.php(687): Illuminate\Foundation\Application->dispatch(Object(Illuminate\Http\Request))
#5 /Applications/MAMP/htdocs/sauleoclean/laravel/bootstrap/compiled.php(1144): Illuminate\Foundation\Application->handle(Object(Illuminate\Http\Request), 1, true)
#6 /Applications/MAMP/htdocs/sauleoclean/laravel/bootstrap/compiled.php(7264): Illuminate\Http\FrameGuard->handle(Object(Illuminate\Http\Request), 1, true)
#7 /Applications/MAMP/htdocs/sauleoclean/laravel/bootstrap/compiled.php(7861): Illuminate\Session\Middleware->handle(Object(Illuminate\Http\Request), 1, true)
#8 /Applications/MAMP/htdocs/sauleoclean/laravel/bootstrap/compiled.php(7808): Illuminate\Cookie\Queue->handle(Object(Illuminate\Http\Request), 1, true)
#9 /Applications/MAMP/htdocs/sauleoclean/laravel/bootstrap/compiled.php(10820): Illuminate\Cookie\Guard->handle(Object(Illuminate\Http\Request), 1, true)
#10 /Applications/MAMP/htdocs/sauleoclean/laravel/bootstrap/compiled.php(648): Stack\StackedHttpKernel->handle(Object(Illuminate\Http\Request))
#11 /Applications/MAMP/htdocs/sauleoclean/laravel/public/index.php(49): Illuminate\Foundation\Application->run()
#12 {main} [] []
[2014-05-30 12:28:50] production.ERROR: exception 'Symfony\Component\HttpKernel\Exception\NotFoundHttpException' in /Applications/MAMP/htdocs/sauleoclean/laravel/bootstrap/compiled.php:5310
Stack trace:
#0 /Applications/MAMP/htdocs/sauleoclean/laravel/bootstrap/compiled.php(4677): Illuminate\Routing\RouteCollection->match(Object(Illuminate\Http\Request))
#1 /Applications/MAMP/htdocs/sauleoclean/laravel/bootstrap/compiled.php(4665): Illuminate\Routing\Router->findRoute(Object(Illuminate\Http\Request))
#2 /Applications/MAMP/htdocs/sauleoclean/laravel/bootstrap/compiled.php(4657): Illuminate\Routing\Router->dispatchToRoute(Object(Illuminate\Http\Request))
#3 /Applications/MAMP/htdocs/sauleoclean/laravel/bootstrap/compiled.php(706): Illuminate\Routing\Router->dispatch(Object(Illuminate\Http\Request))
#4 /Applications/MAMP/htdocs/sauleoclean/laravel/bootstrap/compiled.php(687): Illuminate\Foundation\Application->dispatch(Object(Illuminate\Http\Request))
#5 /Applications/MAMP/htdocs/sauleoclean/laravel/bootstrap/compiled.php(1144): Illuminate\Foundation\Application->handle(Object(Illuminate\Http\Request), 1, true)
#6 /Applications/MAMP/htdocs/sauleoclean/laravel/bootstrap/compiled.php(7264): Illuminate\Http\FrameGuard->handle(Object(Illuminate\Http\Request), 1, true)
#7 /Applications/MAMP/htdocs/sauleoclean/laravel/bootstrap/compiled.php(7861): Illuminate\Session\Middleware->handle(Object(Illuminate\Http\Request), 1, true)
#8 /Applications/MAMP/htdocs/sauleoclean/laravel/bootstrap/compiled.php(7808): Illuminate\Cookie\Queue->handle(Object(Illuminate\Http\Request), 1, true)
#9 /Applications/MAMP/htdocs/sauleoclean/laravel/bootstrap/compiled.php(10820): Illuminate\Cookie\Guard->handle(Object(Illuminate\Http\Request), 1, true)
#10 /Applications/MAMP/htdocs/sauleoclean/laravel/bootstrap/compiled.php(648): Stack\StackedHttpKernel->handle(Object(Illuminate\Http\Request))
#11 /Applications/MAMP/htdocs/sauleoclean/laravel/public/index.php(49): Illuminate\Foundation\Application->run()
#12 {main} [] []
[2014-05-30 12:28:57] production.ERROR: exception 'Symfony\Component\HttpKernel\Exception\NotFoundHttpException' in /Applications/MAMP/htdocs/sauleoclean/laravel/bootstrap/compiled.php:5310
Stack trace:
#0 /Applications/MAMP/htdocs/sauleoclean/laravel/bootstrap/compiled.php(4677): Illuminate\Routing\RouteCollection->match(Object(Illuminate\Http\Request))
#1 /Applications/MAMP/htdocs/sauleoclean/laravel/bootstrap/compiled.php(4665): Illuminate\Routing\Router->findRoute(Object(Illuminate\Http\Request))
#2 /Applications/MAMP/htdocs/sauleoclean/laravel/bootstrap/compiled.php(4657): Illuminate\Routing\Router->dispatchToRoute(Object(Illuminate\Http\Request))
#3 /Applications/MAMP/htdocs/sauleoclean/laravel/bootstrap/compiled.php(706): Illuminate\Routing\Router->dispatch(Object(Illuminate\Http\Request))
#4 /Applications/MAMP/htdocs/sauleoclean/laravel/bootstrap/compiled.php(687): Illuminate\Foundation\Application->dispatch(Object(Illuminate\Http\Request))
#5 /Applications/MAMP/htdocs/sauleoclean/laravel/bootstrap/compiled.php(1144): Illuminate\Foundation\Application->handle(Object(Illuminate\Http\Request), 1, true)
#6 /Applications/MAMP/htdocs/sauleoclean/laravel/bootstrap/compiled.php(7264): Illuminate\Http\FrameGuard->handle(Object(Illuminate\Http\Request), 1, true)
#7 /Applications/MAMP/htdocs/sauleoclean/laravel/bootstrap/compiled.php(7861): Illuminate\Session\Middleware->handle(Object(Illuminate\Http\Request), 1, true)
#8 /Applications/MAMP/htdocs/sauleoclean/laravel/bootstrap/compiled.php(7808): Illuminate\Cookie\Queue->handle(Object(Illuminate\Http\Request), 1, true)
#9 /Applications/MAMP/htdocs/sauleoclean/laravel/bootstrap/compiled.php(10820): Illuminate\Cookie\Guard->handle(Object(Illuminate\Http\Request), 1, true)
#10 /Applications/MAMP/htdocs/sauleoclean/laravel/bootstrap/compiled.php(648): Stack\StackedHttpKernel->handle(Object(Illuminate\Http\Request))
#11 /Applications/MAMP/htdocs/sauleoclean/laravel/public/index.php(49): Illuminate\Foundation\Application->run()
#12 {main} [] []
[2014-05-30 12:29:10] production.ERROR: exception 'Symfony\Component\HttpKernel\Exception\NotFoundHttpException' in /Applications/MAMP/htdocs/sauleoclean/laravel/bootstrap/compiled.php:5310
Stack trace:
#0 /Applications/MAMP/htdocs/sauleoclean/laravel/bootstrap/compiled.php(4677): Illuminate\Routing\RouteCollection->match(Object(Illuminate\Http\Request))
#1 /Applications/MAMP/htdocs/sauleoclean/laravel/bootstrap/compiled.php(4665): Illuminate\Routing\Router->findRoute(Object(Illuminate\Http\Request))
#2 /Applications/MAMP/htdocs/sauleoclean/laravel/bootstrap/compiled.php(4657): Illuminate\Routing\Router->dispatchToRoute(Object(Illuminate\Http\Request))
#3 /Applications/MAMP/htdocs/sauleoclean/laravel/bootstrap/compiled.php(706): Illuminate\Routing\Router->dispatch(Object(Illuminate\Http\Request))
#4 /Applications/MAMP/htdocs/sauleoclean/laravel/bootstrap/compiled.php(687): Illuminate\Foundation\Application->dispatch(Object(Illuminate\Http\Request))
#5 /Applications/MAMP/htdocs/sauleoclean/laravel/bootstrap/compiled.php(1144): Illuminate\Foundation\Application->handle(Object(Illuminate\Http\Request), 1, true)
#6 /Applications/MAMP/htdocs/sauleoclean/laravel/bootstrap/compiled.php(7264): Illuminate\Http\FrameGuard->handle(Object(Illuminate\Http\Request), 1, true)
#7 /Applications/MAMP/htdocs/sauleoclean/laravel/bootstrap/compiled.php(7861): Illuminate\Session\Middleware->handle(Object(Illuminate\Http\Request), 1, true)
#8 /Applications/MAMP/htdocs/sauleoclean/laravel/bootstrap/compiled.php(7808): Illuminate\Cookie\Queue->handle(Object(Illuminate\Http\Request), 1, true)
#9 /Applications/MAMP/htdocs/sauleoclean/laravel/bootstrap/compiled.php(10820): Illuminate\Cookie\Guard->handle(Object(Illuminate\Http\Request), 1, true)
#10 /Applications/MAMP/htdocs/sauleoclean/laravel/bootstrap/compiled.php(648): Stack\StackedHttpKernel->handle(Object(Illuminate\Http\Request))
#11 /Applications/MAMP/htdocs/sauleoclean/laravel/public/index.php(49): Illuminate\Foundation\Application->run()
#12 {main} [] []
[2014-05-30 12:40:45] production.ERROR: exception 'InvalidArgumentException' with message 'View [master] not found.' in /Applications/MAMP/htdocs/sauleoclean/laravel/bootstrap/compiled.php:8873
Stack trace:
#0 /Applications/MAMP/htdocs/sauleoclean/laravel/bootstrap/compiled.php(8846): Illuminate\View\FileViewFinder->findInPaths('master', Array)
#1 /Applications/MAMP/htdocs/sauleoclean/laravel/bootstrap/compiled.php(8954): Illuminate\View\FileViewFinder->find('master')
#2 /Applications/MAMP/htdocs/sauleoclean/laravel/bootstrap/compiled.php(3163): Illuminate\View\Environment->make('master')
#3 /Applications/MAMP/htdocs/sauleoclean/laravel/app/routes.php(16): Illuminate\Support\Facades\Facade::__callStatic('make', Array)
#4 /Applications/MAMP/htdocs/sauleoclean/laravel/app/routes.php(16): Illuminate\Support\Facades\View::make('master')
#5 [internal function]: {closure}()
#6 /Applications/MAMP/htdocs/sauleoclean/laravel/bootstrap/compiled.php(4954): call_user_func_array(Object(Closure), Array)
#7 /Applications/MAMP/htdocs/sauleoclean/laravel/bootstrap/compiled.php(4669): Illuminate\Routing\Route->run(Object(Illuminate\Http\Request))
#8 /Applications/MAMP/htdocs/sauleoclean/laravel/bootstrap/compiled.php(4657): Illuminate\Routing\Router->dispatchToRoute(Object(Illuminate\Http\Request))
#9 /Applications/MAMP/htdocs/sauleoclean/laravel/bootstrap/compiled.php(706): Illuminate\Routing\Router->dispatch(Object(Illuminate\Http\Request))
#10 /Applications/MAMP/htdocs/sauleoclean/laravel/bootstrap/compiled.php(687): Illuminate\Foundation\Application->dispatch(Object(Illuminate\Http\Request))
#11 /Applications/MAMP/htdocs/sauleoclean/laravel/bootstrap/compiled.php(1144): Illuminate\Foundation\Application->handle(Object(Illuminate\Http\Request), 1, true)
#12 /Applications/MAMP/htdocs/sauleoclean/laravel/bootstrap/compiled.php(7264): Illuminate\Http\FrameGuard->handle(Object(Illuminate\Http\Request), 1, true)
#13 /Applications/MAMP/htdocs/sauleoclean/laravel/bootstrap/compiled.php(7861): Illuminate\Session\Middleware->handle(Object(Illuminate\Http\Request), 1, true)
#14 /Applications/MAMP/htdocs/sauleoclean/laravel/bootstrap/compiled.php(7808): Illuminate\Cookie\Queue->handle(Object(Illuminate\Http\Request), 1, true)
#15 /Applications/MAMP/htdocs/sauleoclean/laravel/bootstrap/compiled.php(10820): Illuminate\Cookie\Guard->handle(Object(Illuminate\Http\Request), 1, true)
#16 /Applications/MAMP/htdocs/sauleoclean/laravel/bootstrap/compiled.php(648): Stack\StackedHttpKernel->handle(Object(Illuminate\Http\Request))
#17 /Applications/MAMP/htdocs/sauleoclean/laravel/public/index.php(49): Illuminate\Foundation\Application->run()
#18 {main} [] []
